d:\vs_prj\_skillfactory\consolechat\debug\vc142.pdb
d:\vs_prj\_skillfactory\consolechat\debug\vc142.idb
d:\vs_prj\_skillfactory\consolechat\debug\chatuser.obj
d:\vs_prj\_skillfactory\consolechat\debug\chatmessage.obj
d:\vs_prj\_skillfactory\consolechat\debug\consolechat.obj
d:\vs_prj\_skillfactory\consolechat\debug\message.obj
d:\vs_prj\_skillfactory\consolechat\debug\user.obj
d:\vs_prj\_skillfactory\consolechat\debug\chat.obj
d:\vs_prj\_skillfactory\consolechat\debug\consolechat.exe
d:\vs_prj\_skillfactory\consolechat\debug\consolechat.ilk
d:\vs_prj\_skillfactory\consolechat\debug\consolechat.pdb
d:\vs_prj\_skillfactory\consolechat\debug\chat.obj.enc
d:\vs_prj\_skillfactory\consolechat\debug\consolechat.obj.enc
d:\vs_prj\_skillfactory\consolechat\debug\user.obj.enc
d:\vs_prj\_skillfactory\consolechat\debug\consolechat.tlog\cl.command.1.tlog
d:\vs_prj\_skillfactory\consolechat\debug\consolechat.tlog\cl.read.1.tlog
d:\vs_prj\_skillfactory\consolechat\debug\consolechat.tlog\cl.write.1.tlog
d:\vs_prj\_skillfactory\consolechat\debug\consolechat.tlog\link.command.1.tlog
d:\vs_prj\_skillfactory\consolechat\debug\consolechat.tlog\link.read.1.tlog
d:\vs_prj\_skillfactory\consolechat\debug\consolechat.tlog\link.write.1.tlog
